{"C:\\Users\\yiphe\\Desktop\\Laneway\\CRUD in Mongo (Game Character)\\app.js": {"path":"C:\\Users\\yiphe\\Desktop\\Laneway\\CRUD in Mongo (Game Character)\\app.js","statementMap":{"0":{"start":{"line":1,"column":16},"end":{"line":1,"column":34}},"1":{"start":{"line":2,"column":12},"end":{"line":2,"column":21}},"2":{"start":{"line":3,"column":0},"end":{"line":3,"column":24}},"3":{"start":{"line":4,"column":0},"end":{"line":4,"column":34}},"4":{"start":{"line":6,"column":15},"end":{"line":6,"column":41}},"5":{"start":{"line":7,"column":0},"end":{"line":7,"column":21}},"6":{"start":{"line":9,"column":0},"end":{"line":9,"column":21}}},"fnMap":{},"branchMap":{},"s":{"0":1,"1":1,"2":1,"3":1,"4":1,"5":1,"6":1},"f":{},"b":{},"_coverageSchema":"1a1c01bbd47fc00a2c39e90264f33305004495a9","hash":"f3cca53aecffc41845860909ee7e6e39fd73eb4e"}
,"C:\\Users\\yiphe\\Desktop\\Laneway\\CRUD in Mongo (Game Character)\\controllers\\controller.js": {"path":"C:\\Users\\yiphe\\Desktop\\Laneway\\CRUD in Mongo (Game Character)\\controllers\\controller.js","statementMap":{"0":{"start":{"line":3,"column":24},"end":{"line":3,"column":54}},"1":{"start":{"line":5,"column":15},"end":{"line":12,"column":1}},"2":{"start":{"line":6,"column":4},"end":{"line":11,"column":5}},"3":{"start":{"line":7,"column":27},"end":{"line":7,"column":54}},"4":{"start":{"line":8,"column":8},"end":{"line":8,"column":41}},"5":{"start":{"line":10,"column":8},"end":{"line":10,"column":31}},"6":{"start":{"line":14,"column":24},"end":{"line":22,"column":1}},"7":{"start":{"line":15,"column":25},"end":{"line":15,"column":53}},"8":{"start":{"line":16,"column":4},"end":{"line":21,"column":5}},"9":{"start":{"line":17,"column":31},"end":{"line":17,"column":56}},"10":{"start":{"line":18,"column":8},"end":{"line":18,"column":45}},"11":{"start":{"line":20,"column":8},"end":{"line":20,"column":31}},"12":{"start":{"line":24,"column":24},"end":{"line":42,"column":1}},"13":{"start":{"line":25,"column":19},"end":{"line":25,"column":29}},"14":{"start":{"line":26,"column":23},"end":{"line":26,"column":31}},"15":{"start":{"line":28,"column":4},"end":{"line":41,"column":5}},"16":{"start":{"line":29,"column":33},"end":{"line":32,"column":10}},"17":{"start":{"line":34,"column":4},"end":{"line":36,"column":5}},"18":{"start":{"line":35,"column":8},"end":{"line":35,"column":59}},"19":{"start":{"line":38,"column":4},"end":{"line":38,"column":31}},"20":{"start":{"line":40,"column":8},"end":{"line":40,"column":31}},"21":{"start":{"line":44,"column":24},"end":{"line":58,"column":1}},"22":{"start":{"line":45,"column":19},"end":{"line":45,"column":29}},"23":{"start":{"line":47,"column":4},"end":{"line":57,"column":5}},"24":{"start":{"line":48,"column":33},"end":{"line":48,"column":75}},"25":{"start":{"line":50,"column":8},"end":{"line":52,"column":9}},"26":{"start":{"line":51,"column":12},"end":{"line":51,"column":63}},"27":{"start":{"line":54,"column":8},"end":{"line":54,"column":31}},"28":{"start":{"line":56,"column":8},"end":{"line":56,"column":31}},"29":{"start":{"line":60,"column":25},"end":{"line":74,"column":1}},"30":{"start":{"line":61,"column":19},"end":{"line":61,"column":29}},"31":{"start":{"line":63,"column":4},"end":{"line":73,"column":5}},"32":{"start":{"line":64,"column":26},"end":{"line":64,"column":59}},"33":{"start":{"line":66,"column":8},"end":{"line":68,"column":9}},"34":{"start":{"line":67,"column":12},"end":{"line":67,"column":56}},"35":{"start":{"line":70,"column":8},"end":{"line":70,"column":40}},"36":{"start":{"line":72,"column":8},"end":{"line":72,"column":31}},"37":{"start":{"line":76,"column":0},"end":{"line":76,"column":95}}},"fnMap":{"0":{"name":"(anonymous_0)","decl":{"start":{"line":5,"column":15},"end":{"line":5,"column":16}},"loc":{"start":{"line":5,"column":33},"end":{"line":12,"column":1}},"line":5},"1":{"name":"(anonymous_1)","decl":{"start":{"line":14,"column":24},"end":{"line":14,"column":25}},"loc":{"start":{"line":14,"column":44},"end":{"line":22,"column":1}},"line":14},"2":{"name":"(anonymous_2)","decl":{"start":{"line":24,"column":24},"end":{"line":24,"column":25}},"loc":{"start":{"line":24,"column":44},"end":{"line":42,"column":1}},"line":24},"3":{"name":"(anonymous_3)","decl":{"start":{"line":44,"column":24},"end":{"line":44,"column":25}},"loc":{"start":{"line":44,"column":44},"end":{"line":58,"column":1}},"line":44},"4":{"name":"(anonymous_4)","decl":{"start":{"line":60,"column":25},"end":{"line":60,"column":26}},"loc":{"start":{"line":60,"column":45},"end":{"line":74,"column":1}},"line":60}},"branchMap":{"0":{"loc":{"start":{"line":34,"column":4},"end":{"line":36,"column":5}},"type":"if","locations":[{"start":{"line":34,"column":4},"end":{"line":36,"column":5}},{"start":{},"end":{}}],"line":34},"1":{"loc":{"start":{"line":50,"column":8},"end":{"line":52,"column":9}},"type":"if","locations":[{"start":{"line":50,"column":8},"end":{"line":52,"column":9}},{"start":{},"end":{}}],"line":50},"2":{"loc":{"start":{"line":66,"column":8},"end":{"line":68,"column":9}},"type":"if","locations":[{"start":{"line":66,"column":8},"end":{"line":68,"column":9}},{"start":{},"end":{}}],"line":66}},"s":{"0":1,"1":1,"2":1,"3":1,"4":1,"5":0,"6":1,"7":2,"8":2,"9":2,"10":1,"11":1,"12":1,"13":0,"14":0,"15":0,"16":0,"17":0,"18":0,"19":0,"20":0,"21":1,"22":0,"23":0,"24":0,"25":0,"26":0,"27":0,"28":0,"29":1,"30":1,"31":1,"32":1,"33":1,"34":1,"35":0,"36":0,"37":1},"f":{"0":1,"1":2,"2":0,"3":0,"4":1},"b":{"0":[0,0],"1":[0,0],"2":[1,0]},"_coverageSchema":"1a1c01bbd47fc00a2c39e90264f33305004495a9","hash":"fd1f674cd307efd942db98d3e6415f6bd3e198da"}
,"C:\\Users\\yiphe\\Desktop\\Laneway\\CRUD in Mongo (Game Character)\\controllers\\jwt.js": {"path":"C:\\Users\\yiphe\\Desktop\\Laneway\\CRUD in Mongo (Game Character)\\controllers\\jwt.js","statementMap":{"0":{"start":{"line":1,"column":12},"end":{"line":1,"column":35}},"1":{"start":{"line":2,"column":15},"end":{"line":2,"column":34}},"2":{"start":{"line":3,"column":21},"end":{"line":3,"column":49}},"3":{"start":{"line":5,"column":14},"end":{"line":29,"column":1}},"4":{"start":{"line":6,"column":35},"end":{"line":6,"column":43}},"5":{"start":{"line":8,"column":4},"end":{"line":28,"column":5}},"6":{"start":{"line":9,"column":24},"end":{"line":9,"column":64}},"7":{"start":{"line":10,"column":8},"end":{"line":12,"column":9}},"8":{"start":{"line":11,"column":12},"end":{"line":11,"column":74}},"9":{"start":{"line":14,"column":32},"end":{"line":14,"column":80}},"10":{"start":{"line":15,"column":8},"end":{"line":17,"column":9}},"11":{"start":{"line":16,"column":12},"end":{"line":16,"column":74}},"12":{"start":{"line":19,"column":22},"end":{"line":23,"column":9}},"13":{"start":{"line":25,"column":8},"end":{"line":25,"column":40}},"14":{"start":{"line":27,"column":8},"end":{"line":27,"column":53}},"15":{"start":{"line":31,"column":0},"end":{"line":31,"column":27}}},"fnMap":{"0":{"name":"(anonymous_0)","decl":{"start":{"line":5,"column":14},"end":{"line":5,"column":15}},"loc":{"start":{"line":5,"column":34},"end":{"line":29,"column":1}},"line":5}},"branchMap":{"0":{"loc":{"start":{"line":10,"column":8},"end":{"line":12,"column":9}},"type":"if","locations":[{"start":{"line":10,"column":8},"end":{"line":12,"column":9}},{"start":{},"end":{}}],"line":10},"1":{"loc":{"start":{"line":15,"column":8},"end":{"line":17,"column":9}},"type":"if","locations":[{"start":{"line":15,"column":8},"end":{"line":17,"column":9}},{"start":{},"end":{}}],"line":15}},"s":{"0":1,"1":1,"2":1,"3":1,"4":0,"5":0,"6":0,"7":0,"8":0,"9":0,"10":0,"11":0,"12":0,"13":0,"14":0,"15":1},"f":{"0":0},"b":{"0":[0,0],"1":[0,0]},"_coverageSchema":"1a1c01bbd47fc00a2c39e90264f33305004495a9","hash":"e7c35babdf3ea538435715ebdb0757f014612690"}
,"C:\\Users\\yiphe\\Desktop\\Laneway\\CRUD in Mongo (Game Character)\\controllers\\signup.js": {"path":"C:\\Users\\yiphe\\Desktop\\Laneway\\CRUD in Mongo (Game Character)\\controllers\\signup.js","statementMap":{"0":{"start":{"line":1,"column":15},"end":{"line":1,"column":34}},"1":{"start":{"line":2,"column":21},"end":{"line":2,"column":49}},"2":{"start":{"line":4,"column":15},"end":{"line":16,"column":1}},"3":{"start":{"line":5,"column":35},"end":{"line":5,"column":43}},"4":{"start":{"line":7,"column":4},"end":{"line":14,"column":5}},"5":{"start":{"line":8,"column":31},"end":{"line":8,"column":62}},"6":{"start":{"line":9,"column":27},"end":{"line":9,"column":83}},"7":{"start":{"line":10,"column":29},"end":{"line":10,"column":52}},"8":{"start":{"line":11,"column":8},"end":{"line":11,"column":66}},"9":{"start":{"line":13,"column":8},"end":{"line":13,"column":53}},"10":{"start":{"line":18,"column":0},"end":{"line":18,"column":28}}},"fnMap":{"0":{"name":"(anonymous_0)","decl":{"start":{"line":4,"column":15},"end":{"line":4,"column":16}},"loc":{"start":{"line":4,"column":35},"end":{"line":16,"column":1}},"line":4}},"branchMap":{},"s":{"0":1,"1":1,"2":1,"3":0,"4":0,"5":0,"6":0,"7":0,"8":0,"9":0,"10":1},"f":{"0":0},"b":{},"_coverageSchema":"1a1c01bbd47fc00a2c39e90264f33305004495a9","hash":"a306d334ee7cae01d1a339412a024bf82e0b0159"}
,"C:\\Users\\yiphe\\Desktop\\Laneway\\CRUD in Mongo (Game Character)\\finds\\find.js": {"path":"C:\\Users\\yiphe\\Desktop\\Laneway\\CRUD in Mongo (Game Character)\\finds\\find.js","statementMap":{"0":{"start":{"line":1,"column":23},"end":{"line":1,"column":53}},"1":{"start":{"line":3,"column":25},"end":{"line":21,"column":1}},"2":{"start":{"line":4,"column":22},"end":{"line":4,"column":31}},"3":{"start":{"line":6,"column":4},"end":{"line":8,"column":5}},"4":{"start":{"line":7,"column":8},"end":{"line":7,"column":95}},"5":{"start":{"line":10,"column":4},"end":{"line":20,"column":5}},"6":{"start":{"line":11,"column":27},"end":{"line":16,"column":10}},"7":{"start":{"line":17,"column":8},"end":{"line":17,"column":41}},"8":{"start":{"line":19,"column":8},"end":{"line":19,"column":31}},"9":{"start":{"line":23,"column":0},"end":{"line":23,"column":38}}},"fnMap":{"0":{"name":"(anonymous_0)","decl":{"start":{"line":3,"column":25},"end":{"line":3,"column":26}},"loc":{"start":{"line":3,"column":45},"end":{"line":21,"column":1}},"line":3}},"branchMap":{"0":{"loc":{"start":{"line":6,"column":4},"end":{"line":8,"column":5}},"type":"if","locations":[{"start":{"line":6,"column":4},"end":{"line":8,"column":5}},{"start":{},"end":{}}],"line":6}},"s":{"0":1,"1":1,"2":0,"3":0,"4":0,"5":0,"6":0,"7":0,"8":0,"9":1},"f":{"0":0},"b":{"0":[0,0]},"_coverageSchema":"1a1c01bbd47fc00a2c39e90264f33305004495a9","hash":"99529a99f6daa3e8490f81a1fff5232cf7a67563"}
,"C:\\Users\\yiphe\\Desktop\\Laneway\\CRUD in Mongo (Game Character)\\middleware\\auth.js": {"path":"C:\\Users\\yiphe\\Desktop\\Laneway\\CRUD in Mongo (Game Character)\\middleware\\auth.js","statementMap":{"0":{"start":{"line":1,"column":12},"end":{"line":1,"column":35}},"1":{"start":{"line":3,"column":20},"end":{"line":22,"column":1}},"2":{"start":{"line":4,"column":23},"end":{"line":4,"column":51}},"3":{"start":{"line":6,"column":4},"end":{"line":8,"column":5}},"4":{"start":{"line":7,"column":8},"end":{"line":7,"column":68}},"5":{"start":{"line":10,"column":18},"end":{"line":10,"column":42}},"6":{"start":{"line":12,"column":4},"end":{"line":21,"column":5}},"7":{"start":{"line":13,"column":24},"end":{"line":13,"column":65}},"8":{"start":{"line":14,"column":8},"end":{"line":14,"column":42}},"9":{"start":{"line":15,"column":8},"end":{"line":15,"column":15}},"10":{"start":{"line":17,"column":8},"end":{"line":19,"column":9}},"11":{"start":{"line":18,"column":12},"end":{"line":18,"column":89}},"12":{"start":{"line":20,"column":8},"end":{"line":20,"column":64}},"13":{"start":{"line":24,"column":0},"end":{"line":24,"column":31}}},"fnMap":{"0":{"name":"(anonymous_0)","decl":{"start":{"line":3,"column":20},"end":{"line":3,"column":21}},"loc":{"start":{"line":3,"column":40},"end":{"line":22,"column":1}},"line":3}},"branchMap":{"0":{"loc":{"start":{"line":6,"column":4},"end":{"line":8,"column":5}},"type":"if","locations":[{"start":{"line":6,"column":4},"end":{"line":8,"column":5}},{"start":{},"end":{}}],"line":6},"1":{"loc":{"start":{"line":17,"column":8},"end":{"line":19,"column":9}},"type":"if","locations":[{"start":{"line":17,"column":8},"end":{"line":19,"column":9}},{"start":{},"end":{}}],"line":17}},"s":{"0":1,"1":1,"2":3,"3":3,"4":1,"5":2,"6":2,"7":2,"8":2,"9":2,"10":0,"11":0,"12":0,"13":1},"f":{"0":3},"b":{"0":[1,2],"1":[0,0]},"_coverageSchema":"1a1c01bbd47fc00a2c39e90264f33305004495a9","hash":"7564cc6ca4d9a9cf4763f14813d4bc56f37c6c26"}
,"C:\\Users\\yiphe\\Desktop\\Laneway\\CRUD in Mongo (Game Character)\\models\\user.js": {"path":"C:\\Users\\yiphe\\Desktop\\Laneway\\CRUD in Mongo (Game Character)\\models\\user.js","statementMap":{"0":{"start":{"line":1,"column":21},"end":{"line":1,"column":40}},"1":{"start":{"line":2,"column":15},"end":{"line":2,"column":30}},"2":{"start":{"line":4,"column":22},"end":{"line":7,"column":2}},"3":{"start":{"line":9,"column":21},"end":{"line":9,"column":61}},"4":{"start":{"line":10,"column":0},"end":{"line":10,"column":30}}},"fnMap":{},"branchMap":{},"s":{"0":1,"1":1,"2":1,"3":1,"4":1},"f":{},"b":{},"_coverageSchema":"1a1c01bbd47fc00a2c39e90264f33305004495a9","hash":"b4735ff32ba227d07ba51ab9c30d5668f61f921e"}
,"C:\\Users\\yiphe\\Desktop\\Laneway\\CRUD in Mongo (Game Character)\\routes\\router.js": {"path":"C:\\Users\\yiphe\\Desktop\\Laneway\\CRUD in Mongo (Game Character)\\routes\\router.js","statementMap":{"0":{"start":{"line":3,"column":88},"end":{"line":3,"column":127}},"1":{"start":{"line":4,"column":29},"end":{"line":4,"column":56}},"2":{"start":{"line":5,"column":16},"end":{"line":5,"column":34}},"3":{"start":{"line":7,"column":15},"end":{"line":7,"column":31}},"4":{"start":{"line":8,"column":19},"end":{"line":8,"column":54}},"5":{"start":{"line":9,"column":18},"end":{"line":9,"column":50}},"6":{"start":{"line":10,"column":24},"end":{"line":10,"column":56}},"7":{"start":{"line":12,"column":0},"end":{"line":12,"column":24}},"8":{"start":{"line":13,"column":0},"end":{"line":13,"column":51}},"9":{"start":{"line":15,"column":0},"end":{"line":15,"column":56}},"10":{"start":{"line":16,"column":0},"end":{"line":16,"column":60}},"11":{"start":{"line":17,"column":0},"end":{"line":17,"column":62}},"12":{"start":{"line":18,"column":0},"end":{"line":18,"column":63}},"13":{"start":{"line":20,"column":0},"end":{"line":20,"column":48}},"14":{"start":{"line":21,"column":0},"end":{"line":21,"column":33}},"15":{"start":{"line":22,"column":0},"end":{"line":22,"column":29}},"16":{"start":{"line":23,"column":0},"end":{"line":25,"column":3}},"17":{"start":{"line":24,"column":4},"end":{"line":24,"column":55}},"18":{"start":{"line":27,"column":0},"end":{"line":27,"column":24}}},"fnMap":{"0":{"name":"(anonymous_0)","decl":{"start":{"line":23,"column":38},"end":{"line":23,"column":39}},"loc":{"start":{"line":23,"column":52},"end":{"line":25,"column":1}},"line":23}},"branchMap":{},"s":{"0":1,"1":1,"2":1,"3":1,"4":1,"5":1,"6":1,"7":1,"8":1,"9":1,"10":1,"11":1,"12":1,"13":1,"14":1,"15":1,"16":1,"17":0,"18":1},"f":{"0":0},"b":{},"_coverageSchema":"1a1c01bbd47fc00a2c39e90264f33305004495a9","hash":"06d55f218371cc8ceec1bec447de365d1587fb35"}
}
